2007.10.10 11:07 B C:\apache2triad\htdocs\giannis\awmdata\awmlib0.js --> inpatra.gr /public_html/giannis/awmdata awmlib0.js
2007.10.10 11:07 B C:\apache2triad\htdocs\giannis\awmdata\awmlib1.js --> inpatra.gr /public_html/giannis/awmdata awmlib1.js
2007.10.10 11:07 B C:\apache2triad\htdocs\giannis\awmdata\awmlib2.js --> inpatra.gr /public_html/giannis/awmdata awmlib2.js
2007.10.10 11:07 B C:\apache2triad\htdocs\giannis\awmdata\awmlib3.js --> inpatra.gr /public_html/giannis/awmdata awmlib3.js
2007.10.10 11:07 B C:\apache2triad\htdocs\giannis\awmdata\awmlib4.js --> inpatra.gr /public_html/giannis/awmdata awmlib4.js
2007.10.10 11:08 B C:\apache2triad\htdocs\giannis\awmdata\awmlib5.js --> inpatra.gr /public_html/giannis/awmdata awmlib5.js
2007.10.10 11:08 B C:\apache2triad\htdocs\giannis\awmdata\awmlib7.js --> inpatra.gr /public_html/giannis/awmdata awmlib7.js
2007.10.10 11:08 B C:\apache2triad\htdocs\giannis\awmdata\dot.gif --> inpatra.gr /public_html/giannis/awmdata dot.gif
2007.10.10 18:32 B C:\apache2triad\htdocs\giannis\awmdata\awmlib0.js --> inpatra.gr /public_html/giannis/awmdata awmlib0.js
2007.10.10 18:32 B C:\apache2triad\htdocs\giannis\awmdata\awmlib1.js --> inpatra.gr /public_html/giannis/awmdata awmlib1.js
2007.10.10 18:33 B C:\apache2triad\htdocs\giannis\awmdata\awmlib2.js --> inpatra.gr /public_html/giannis/awmdata awmlib2.js
2007.10.10 18:33 B C:\apache2triad\htdocs\giannis\awmdata\awmlib3.js --> inpatra.gr /public_html/giannis/awmdata awmlib3.js
2007.10.10 18:33 B C:\apache2triad\htdocs\giannis\awmdata\awmlib4.js --> inpatra.gr /public_html/giannis/awmdata awmlib4.js
2007.10.10 18:33 B C:\apache2triad\htdocs\giannis\awmdata\awmlib5.js --> inpatra.gr /public_html/giannis/awmdata awmlib5.js
2007.10.10 18:33 B C:\apache2triad\htdocs\giannis\awmdata\awmlib7.js --> inpatra.gr /public_html/giannis/awmdata awmlib7.js
2007.10.10 18:33 B C:\apache2triad\htdocs\giannis\awmdata\bb.jpg --> inpatra.gr /public_html/giannis/awmdata bb.jpg
2007.10.10 18:33 B C:\apache2triad\htdocs\giannis\awmdata\dot.gif --> inpatra.gr /public_html/giannis/awmdata dot.gif
2007.10.10 18:33 B C:\apache2triad\htdocs\giannis\awmdata\nntable.gif --> inpatra.gr /public_html/giannis/awmdata nntable.gif
2007.10.10 18:33 B C:\apache2triad\htdocs\giannis\awmdata\topmenu.gif --> inpatra.gr /public_html/giannis/awmdata topmenu.gif
2007.10.10 18:33 B C:\apache2triad\htdocs\giannis\awmdata\WS_FTP.LOG --> inpatra.gr /public_html/giannis/awmdata WS_FTP.LOG
