2007.10.10 11:30 B C:\apache2triad\htdocs\giannis\images\extras\bl.png --> inpatra.gr /public_html/giannis/images/extras bl.png
2007.10.10 11:30 B C:\apache2triad\htdocs\giannis\images\extras\blank_button.gif --> inpatra.gr /public_html/giannis/images/extras blank_button.gif
2007.10.10 11:30 B C:\apache2triad\htdocs\giannis\images\extras\blank_name.gif --> inpatra.gr /public_html/giannis/images/extras blank_name.gif
2007.10.10 11:30 B C:\apache2triad\htdocs\giannis\images\extras\blank_right.gif --> inpatra.gr /public_html/giannis/images/extras blank_right.gif
2007.10.10 11:30 B C:\apache2triad\htdocs\giannis\images\extras\button.png --> inpatra.gr /public_html/giannis/images/extras button.png
2007.10.10 11:30 B C:\apache2triad\htdocs\giannis\images\extras\hrshort.png --> inpatra.gr /public_html/giannis/images/extras hrshort.png
2007.10.10 11:30 B C:\apache2triad\htdocs\giannis\images\extras\name.png --> inpatra.gr /public_html/giannis/images/extras name.png
2007.10.10 11:30 B C:\apache2triad\htdocs\giannis\images\extras\rightbutton.png --> inpatra.gr /public_html/giannis/images/extras rightbutton.png
2007.10.10 11:30 B C:\apache2triad\htdocs\giannis\images\extras\rightcheckout.png --> inpatra.gr /public_html/giannis/images/extras rightcheckout.png
2007.10.10 11:30 B C:\apache2triad\htdocs\giannis\images\extras\separator.png --> inpatra.gr /public_html/giannis/images/extras separator.png
2007.10.10 11:30 B C:\apache2triad\htdocs\giannis\images\extras\tl.png --> inpatra.gr /public_html/giannis/images/extras tl.png
2007.10.10 11:30 B C:\apache2triad\htdocs\giannis\images\extras\topbg.png --> inpatra.gr /public_html/giannis/images/extras topbg.png
2007.10.10 11:30 B C:\apache2triad\htdocs\giannis\images\extras\topleft.png --> inpatra.gr /public_html/giannis/images/extras topleft.png
2007.10.10 11:30 B C:\apache2triad\htdocs\giannis\images\extras\topmenu.png --> inpatra.gr /public_html/giannis/images/extras topmenu.png
2007.10.10 11:30 B C:\apache2triad\htdocs\giannis\images\extras\welcome.png --> inpatra.gr /public_html/giannis/images/extras welcome.png
2007.10.10 18:33 B C:\apache2triad\htdocs\giannis\images\extras\bl.png --> inpatra.gr /public_html/giannis/images/extras bl.png
2007.10.10 18:33 B C:\apache2triad\htdocs\giannis\images\extras\blank_button.gif --> inpatra.gr /public_html/giannis/images/extras blank_button.gif
2007.10.10 18:33 B C:\apache2triad\htdocs\giannis\images\extras\blank_name.gif --> inpatra.gr /public_html/giannis/images/extras blank_name.gif
2007.10.10 18:34 B C:\apache2triad\htdocs\giannis\images\extras\blank_right.gif --> inpatra.gr /public_html/giannis/images/extras blank_right.gif
2007.10.10 18:34 B C:\apache2triad\htdocs\giannis\images\extras\button.png --> inpatra.gr /public_html/giannis/images/extras button.png
2007.10.10 18:34 B C:\apache2triad\htdocs\giannis\images\extras\hrshort.png --> inpatra.gr /public_html/giannis/images/extras hrshort.png
2007.10.10 18:34 B C:\apache2triad\htdocs\giannis\images\extras\name.png --> inpatra.gr /public_html/giannis/images/extras name.png
2007.10.10 18:34 B C:\apache2triad\htdocs\giannis\images\extras\rightbutton.png --> inpatra.gr /public_html/giannis/images/extras rightbutton.png
2007.10.10 18:34 B C:\apache2triad\htdocs\giannis\images\extras\rightcheckout.png --> inpatra.gr /public_html/giannis/images/extras rightcheckout.png
2007.10.10 18:34 B C:\apache2triad\htdocs\giannis\images\extras\separator.png --> inpatra.gr /public_html/giannis/images/extras separator.png
2007.10.10 18:34 B C:\apache2triad\htdocs\giannis\images\extras\Thumbs.db --> inpatra.gr /public_html/giannis/images/extras Thumbs.db
2007.10.10 18:34 B C:\apache2triad\htdocs\giannis\images\extras\tl.png --> inpatra.gr /public_html/giannis/images/extras tl.png
2007.10.10 18:34 B C:\apache2triad\htdocs\giannis\images\extras\topbg.png --> inpatra.gr /public_html/giannis/images/extras topbg.png
2007.10.10 18:34 B C:\apache2triad\htdocs\giannis\images\extras\topleft.png --> inpatra.gr /public_html/giannis/images/extras topleft.png
2007.10.10 18:34 B C:\apache2triad\htdocs\giannis\images\extras\topmenu.png --> inpatra.gr /public_html/giannis/images/extras topmenu.png
2007.10.10 18:34 B C:\apache2triad\htdocs\giannis\images\extras\welcome.png --> inpatra.gr /public_html/giannis/images/extras welcome.png
2007.10.10 18:34 B C:\apache2triad\htdocs\giannis\images\extras\WS_FTP.LOG --> inpatra.gr /public_html/giannis/images/extras WS_FTP.LOG
