2007.10.10 11:31 B C:\apache2triad\htdocs\giannis\images\bl.gif --> inpatra.gr /public_html/giannis/images bl.gif
2007.10.10 11:31 B C:\apache2triad\htdocs\giannis\images\clearpixel.gif --> inpatra.gr /public_html/giannis/images clearpixel.gif
2007.10.10 11:31 B C:\apache2triad\htdocs\giannis\images\giannis.jpg --> inpatra.gr /public_html/giannis/images giannis.jpg
2007.10.10 11:31 B C:\apache2triad\htdocs\giannis\images\hrlong.gif --> inpatra.gr /public_html/giannis/images hrlong.gif
2007.10.10 11:31 B C:\apache2triad\htdocs\giannis\images\hrshort.gif --> inpatra.gr /public_html/giannis/images hrshort.gif
2007.10.10 11:31 B C:\apache2triad\htdocs\giannis\images\links.gif --> inpatra.gr /public_html/giannis/images links.gif
2007.10.10 11:31 B C:\apache2triad\htdocs\giannis\images\name.gif --> inpatra.gr /public_html/giannis/images name.gif
2007.10.10 11:31 B C:\apache2triad\htdocs\giannis\images\news.gif --> inpatra.gr /public_html/giannis/images news.gif
2007.10.10 11:31 B C:\apache2triad\htdocs\giannis\images\nntable.gif --> inpatra.gr /public_html/giannis/images nntable.gif
2007.10.10 11:31 B C:\apache2triad\htdocs\giannis\images\photo.jpg --> inpatra.gr /public_html/giannis/images photo.jpg
2007.10.10 11:31 B C:\apache2triad\htdocs\giannis\images\photo2.jpg --> inpatra.gr /public_html/giannis/images photo2.jpg
2007.10.10 11:31 B C:\apache2triad\htdocs\giannis\images\rightbg.gif --> inpatra.gr /public_html/giannis/images rightbg.gif
2007.10.10 11:31 B C:\apache2triad\htdocs\giannis\images\rightcorner.gif --> inpatra.gr /public_html/giannis/images rightcorner.gif
2007.10.10 11:31 B C:\apache2triad\htdocs\giannis\images\righttop.jpg --> inpatra.gr /public_html/giannis/images righttop.jpg
2007.10.10 11:31 B C:\apache2triad\htdocs\giannis\images\separator.gif --> inpatra.gr /public_html/giannis/images separator.gif
2007.10.10 11:31 B C:\apache2triad\htdocs\giannis\images\specials.gif --> inpatra.gr /public_html/giannis/images specials.gif
2007.10.10 11:31 B C:\apache2triad\htdocs\giannis\images\tl.gif --> inpatra.gr /public_html/giannis/images tl.gif
2007.10.10 11:31 B C:\apache2triad\htdocs\giannis\images\topbg.gif --> inpatra.gr /public_html/giannis/images topbg.gif
2007.10.10 11:31 B C:\apache2triad\htdocs\giannis\images\topleft.gif --> inpatra.gr /public_html/giannis/images topleft.gif
2007.10.10 11:31 B C:\apache2triad\htdocs\giannis\images\topmenu.gif --> inpatra.gr /public_html/giannis/images topmenu.gif
2007.10.10 11:31 B C:\apache2triad\htdocs\giannis\images\topright.gif --> inpatra.gr /public_html/giannis/images topright.gif
2007.10.10 11:31 B C:\apache2triad\htdocs\giannis\images\tts.gif --> inpatra.gr /public_html/giannis/images tts.gif
2007.10.10 11:31 B C:\apache2triad\htdocs\giannis\images\welcome.gif --> inpatra.gr /public_html/giannis/images welcome.gif
2007.10.10 11:31 B C:\apache2triad\htdocs\giannis\images\whiteline.gif --> inpatra.gr /public_html/giannis/images whiteline.gif
2007.10.10 18:34 B C:\apache2triad\htdocs\giannis\images\bb.jpg --> inpatra.gr /public_html/giannis/images bb.jpg
2007.10.10 18:34 B C:\apache2triad\htdocs\giannis\images\bl.gif --> inpatra.gr /public_html/giannis/images bl.gif
2007.10.10 18:34 B C:\apache2triad\htdocs\giannis\images\clearpixel.gif --> inpatra.gr /public_html/giannis/images clearpixel.gif
2007.10.10 18:34 B C:\apache2triad\htdocs\giannis\images\giannis.jpg --> inpatra.gr /public_html/giannis/images giannis.jpg
2007.10.10 18:34 B C:\apache2triad\htdocs\giannis\images\hrlong.gif --> inpatra.gr /public_html/giannis/images hrlong.gif
2007.10.10 18:34 B C:\apache2triad\htdocs\giannis\images\hrshort.gif --> inpatra.gr /public_html/giannis/images hrshort.gif
2007.10.10 18:34 B C:\apache2triad\htdocs\giannis\images\links.gif --> inpatra.gr /public_html/giannis/images links.gif
2007.10.10 18:34 B C:\apache2triad\htdocs\giannis\images\name.gif --> inpatra.gr /public_html/giannis/images name.gif
2007.10.10 18:34 B C:\apache2triad\htdocs\giannis\images\news.gif --> inpatra.gr /public_html/giannis/images news.gif
2007.10.10 18:34 B C:\apache2triad\htdocs\giannis\images\nntable.gif --> inpatra.gr /public_html/giannis/images nntable.gif
2007.10.10 18:34 B C:\apache2triad\htdocs\giannis\images\photo.jpg --> inpatra.gr /public_html/giannis/images photo.jpg
2007.10.10 18:34 B C:\apache2triad\htdocs\giannis\images\photo2.jpg --> inpatra.gr /public_html/giannis/images photo2.jpg
2007.10.10 18:34 B C:\apache2triad\htdocs\giannis\images\rightbg.gif --> inpatra.gr /public_html/giannis/images rightbg.gif
2007.10.10 18:34 B C:\apache2triad\htdocs\giannis\images\rightcorner.gif --> inpatra.gr /public_html/giannis/images rightcorner.gif
2007.10.10 18:34 B C:\apache2triad\htdocs\giannis\images\righttop.jpg --> inpatra.gr /public_html/giannis/images righttop.jpg
2007.10.10 18:34 B C:\apache2triad\htdocs\giannis\images\separator.gif --> inpatra.gr /public_html/giannis/images separator.gif
2007.10.10 18:34 B C:\apache2triad\htdocs\giannis\images\specials.gif --> inpatra.gr /public_html/giannis/images specials.gif
2007.10.10 18:34 B C:\apache2triad\htdocs\giannis\images\Thumbs.db --> inpatra.gr /public_html/giannis/images Thumbs.db
2007.10.10 18:34 B C:\apache2triad\htdocs\giannis\images\tl.gif --> inpatra.gr /public_html/giannis/images tl.gif
2007.10.10 18:34 B C:\apache2triad\htdocs\giannis\images\topbg.gif --> inpatra.gr /public_html/giannis/images topbg.gif
2007.10.10 18:34 B C:\apache2triad\htdocs\giannis\images\topleft.gif --> inpatra.gr /public_html/giannis/images topleft.gif
2007.10.10 18:34 B C:\apache2triad\htdocs\giannis\images\topmenu.gif --> inpatra.gr /public_html/giannis/images topmenu.gif
2007.10.10 18:34 B C:\apache2triad\htdocs\giannis\images\topright.gif --> inpatra.gr /public_html/giannis/images topright.gif
2007.10.10 18:34 B C:\apache2triad\htdocs\giannis\images\tts.gif --> inpatra.gr /public_html/giannis/images tts.gif
2007.10.10 18:34 B C:\apache2triad\htdocs\giannis\images\welcome.gif --> inpatra.gr /public_html/giannis/images welcome.gif
2007.10.10 18:34 B C:\apache2triad\htdocs\giannis\images\whiteline.gif --> inpatra.gr /public_html/giannis/images whiteline.gif
2007.10.10 18:34 B C:\apache2triad\htdocs\giannis\images\WS_FTP.LOG --> inpatra.gr /public_html/giannis/images WS_FTP.LOG
